Using pre-set license
Built from '2020.3/staging' branch; Version is '2020.3.18f1 (a7d1c678663c) revision 10998214'; Using compiler version '192528614'; Build Type 'Release'
OS: 'Windows 10 Pro; OS build 19044.1526; Version 2009; 64bit' Language: 'zh' Physical Memory: 32691 MB
BatchMode: 1, IsHumanControllingUs: 0, StartBugReporterOnCrash: 0, Is64bit: 1, IsPro: 0

COMMAND LINE ARGUMENTS:
C:\Program Files\Unity\Hub\Editor\2020.3.18f1\Editor\Unity.exe
-adb2
-batchMode
-noUpm
-name
AssetImportWorker1
-projectPath
C:/Users/frank/Desktop/VR-mental-model/VR_mentalModel_Experiment
-logFile
Logs/AssetImportWorker1.log
-srvPort
64074
Successfully changed project path to: C:/Users/frank/Desktop/VR-mental-model/VR_mentalModel_Experiment
C:/Users/frank/Desktop/VR-mental-model/VR_mentalModel_Experiment
Using Asset Import Pipeline V2.
Refreshing native plugins compatible for Editor in 115.56 ms, found 15 plugins.
Preloading 1 native plugins for Editor in 1.40 ms.
Initialize engine version: 2020.3.18f1 (a7d1c678663c)
[Subsystems] Discovering subsystems at path C:/Program Files/Unity/Hub/Editor/2020.3.18f1/Editor/Data/Resources/UnitySubsystems
[Subsystems] Discovering subsystems at path C:/Users/frank/Desktop/VR-mental-model/VR_mentalModel_Experiment/Assets
GfxDevice: creating device client; threaded=0
Direct3D:
    Version:  Direct3D 11.0 [level 11.1]
    Renderer: NVIDIA Quadro P5200 (ID=0x1bb5)
    Vendor:   
    VRAM:     16255 MB
    Driver:   27.21.14.6093
Initialize mono
Mono path[0] = 'C:/Program Files/Unity/Hub/Editor/2020.3.18f1/Editor/Data/Managed'
Mono path[1] = 'C:/Program Files/Unity/Hub/Editor/2020.3.18f1/Editor/Data/MonoBleedingEdge/lib/mono/unityjit'
Mono config path = 'C:/Program Files/Unity/Hub/Editor/2020.3.18f1/Editor/Data/MonoBleedingEdge/etc'
Using monoOptions --debugger-agent=transport=dt_socket,embedding=1,server=y,suspend=n,address=127.0.0.1:56648
Begin MonoManager ReloadAssembly
Registering precompiled unity dll's ...
Register platform support module: C:/Program Files/Unity/Hub/Editor/2020.3.18f1/Editor/Data/PlaybackEngines/WindowsStandaloneSupport/UnityEditor.WindowsStandalone.Extensions.dll
Registered in 0.003269 seconds.
Native extension for WindowsStandalone target not found
Refreshing native plugins compatible for Editor in 96.27 ms, found 15 plugins.
Preloading 1 native plugins for Editor in 0.10 ms.
Mono: successfully reloaded assembly
- Completed reload, in  1.396 seconds
Domain Reload Profiling:
	ReloadAssembly (1396ms)
		BeginReloadAssembly (62ms)
			ExecutionOrderSort (0ms)
			DisableScriptedObjects (0ms)
			BackupInstance (0ms)
			ReleaseScriptingObjects (0ms)
			CreateAndSetChildDomain (1ms)
		EndReloadAssembly (528ms)
			LoadAssemblies (60ms)
			RebuildTransferFunctionScriptingTraits (0ms)
			SetupTypeCache (172ms)
			ReleaseScriptCaches (0ms)
			RebuildScriptCaches (35ms)
			SetupLoadedEditorAssemblies (233ms)
				LogAssemblyErrors (0ms)
				InitializePlatformSupportModulesInManaged (4ms)
				SetLoadedEditorAssemblies (0ms)
				RefreshPlugins (96ms)
				BeforeProcessingInitializeOnLoad (10ms)
				ProcessInitializeOnLoadAttributes (88ms)
				ProcessInitializeOnLoadMethodAttributes (33ms)
				AfterProcessingInitializeOnLoad (0ms)
				EditorAssembliesLoaded (0ms)
			ExecutionOrderSort2 (0ms)
			AwakeInstancesAfterBackupRestoration (0ms)
Platform modules already initialized, skipping
Registering precompiled user dll's ...
Registered in 0.013103 seconds.
Begin MonoManager ReloadAssembly
Native extension for WindowsStandalone target not found
Refreshing native plugins compatible for Editor in 97.26 ms, found 15 plugins.
Preloading 1 native plugins for Editor in 0.09 ms.
[XR] OculusXRPlugin: registering subsystems
[XR] Unable to register display lifecyle provider: [1]
[XR] Oculus Input lifecycle provider registered.
[XR] Unable to register input lifecyle provider: [1]
System.Reflection.TargetInvocationException: Exception has been thrown by the target of an invocation. ---> System.NullReferenceException: Object reference not set to an instance of an object
  at Unity.XR.Oculus.OculusLoader.AssetPathToAbsolutePath (System.String assetPath) [0x00048] in C:\Users\frank\Desktop\VR-mental-model\VR_mentalModel_Experiment\Library\PackageCache\com.unity.xr.oculus@1.10.0\Runtime\OculusLoader.cs:250 
  at Unity.XR.Oculus.OculusLoader.EditorLoadOVRPlugin () [0x0007b] in C:\Users\frank\Desktop\VR-mental-model\VR_mentalModel_Experiment\Library\PackageCache\com.unity.xr.oculus@1.10.0\Runtime\OculusLoader.cs:235 
  at (wrapper managed-to-native) System.Reflection.MonoMethod.InternalInvoke(System.Reflection.MonoMethod,object,object[],System.Exception&)
  at System.Reflection.MonoMethod.Invoke (System.Object obj, System.Reflection.BindingFlags invokeAttr, System.Reflection.Binder binder, System.Object[] parameters, System.Globalization.CultureInfo culture) [0x00032] in <695d1cc93cca45069c528c15c9fdd749>:0 
   --- End of inner exception stack trace ---
  at System.Reflection.MonoMethod.Invoke (System.Object obj, System.Reflection.BindingFlags invokeAttr, System.Reflection.Binder binder, System.Object[] parameters, System.Globalization.CultureInfo culture) [0x00048] in <695d1cc93cca45069c528c15c9fdd749>:0 
  at System.Reflection.MethodBase.Invoke (System.Object obj, System.Object[] parameters) [0x00000] in <695d1cc93cca45069c528c15c9fdd749>:0 
  at UnityEditor.EditorAssemblies.ProcessInitializeOnLoadMethodAttributes () [0x00047] in <5ad584e208e14caaa9e6b2e6027e9204>:0 
UnityEngine.StackTraceUtility:ExtractStackTrace ()
UnityEngine.DebugLogHandler:LogFormat (UnityEngine.LogType,UnityEngine.Object,string,object[])
UnityEngine.Logger:Log (UnityEngine.LogType,object)
UnityEngine.Debug:LogError (object)
UnityEditor.EditorAssemblies:ProcessInitializeOnLoadMethodAttributes ()

Mono: successfully reloaded assembly
- Completed reload, in  2.484 seconds
Domain Reload Profiling:
	ReloadAssembly (2490ms)
		BeginReloadAssembly (171ms)
			ExecutionOrderSort (0ms)
			DisableScriptedObjects (5ms)
			BackupInstance (0ms)
			ReleaseScriptingObjects (0ms)
			CreateAndSetChildDomain (21ms)
		EndReloadAssembly (2249ms)
			LoadAssemblies (314ms)
			RebuildTransferFunctionScriptingTraits (0ms)
			SetupTypeCache (999ms)
			ReleaseScriptCaches (1ms)
			RebuildScriptCaches (71ms)
			SetupLoadedEditorAssemblies (714ms)
				LogAssemblyErrors (0ms)
				InitializePlatformSupportModulesInManaged (4ms)
				SetLoadedEditorAssemblies (0ms)
				RefreshPlugins (97ms)
				BeforeProcessingInitializeOnLoad (108ms)
				ProcessInitializeOnLoadAttributes (480ms)
				ProcessInitializeOnLoadMethodAttributes (17ms)
				AfterProcessingInitializeOnLoad (8ms)
				EditorAssembliesLoaded (0ms)
			ExecutionOrderSort2 (0ms)
			AwakeInstancesAfterBackupRestoration (6ms)
Platform modules already initialized, skipping
========================================================================
Worker process is ready to serve import requests
Launched and connected shader compiler UnityShaderCompiler.exe after 0.12 seconds
Refreshing native plugins compatible for Editor in 1.37 ms, found 15 plugins.
Preloading 1 native plugins for Editor in 0.14 ms.
Unloading 3682 Unused Serialized files (Serialized files now loaded: 0)
System memory in use before: 165.4 MB.
System memory in use after: 165.6 MB.

Unloading 45 unused Assets to reduce memory usage. Loaded Objects now: 4127.
Total: 5.684900 ms (FindLiveObjects: 0.618600 ms CreateObjectMapping: 0.330600 ms MarkObjects: 4.599000 ms  DeleteObjects: 0.135000 ms)

AssetImportParameters requested are different than current active one (requested -> active):
  custom:framework-win-MediaFoundation: 216162199b28c13a410421893ffa2e32 -> 
  custom:video-decoder-ogg-theora: a1e56fd34408186e4bbccfd4996cb3dc -> 
  custom:container-muxer-webm: aa71ff27fc2769a1b78a27578f13a17b -> 
  custom:container-demuxer-webm: 4f35f7cbe854078d1ac9338744f61a02 -> 
  custom:container-demuxer-ogg: 62fdf1f143b41e24485cea50d1cbac27 -> 
  custom:video-encoder-webm-vp8: eb34c28f22e8b96e1ab97ce403110664 -> 
  custom:video-decoder-webm-vp8: 9c59270c3fd7afecdb556c50c9e8de78 -> 
  custom:audio-decoder-ogg-vorbis: bf7c407c2cedff20999df2af8eb42d56 -> 
  custom:audio-encoder-webm-vorbis: bf7c407c2cedff20999df2af8eb42d56 -> 
========================================================================
Received Import Request.
  path: Assets/Art/NerfGun0320_BakedGun_Flipped.fbx
  artifactKey: Guid(747256bf0e24fd541bea06a29720a7d1) Importer(815301076,1909f56bfc062723c751e8b465ee728b)
Start importing Assets/Art/NerfGun0320_BakedGun_Flipped.fbx using Guid(747256bf0e24fd541bea06a29720a7d1) Importer(815301076,1909f56bfc062723c751e8b465ee728b)  -> (artifact id: '227d15457bd9c7b543dce149746c93ea') in 0.329600 seconds 
  Import took 0.336467 seconds .

========================================================================
Received Import Request.
  Time since last request: 132.168084 seconds.
  path: Assets/Art/Material_Baked.mat
  artifactKey: Guid(968e86c7008eb6440876a1ed081e7aa2) Importer(815301076,1909f56bfc062723c751e8b465ee728b)
Start importing Assets/Art/Material_Baked.mat using Guid(968e86c7008eb6440876a1ed081e7aa2) Importer(815301076,1909f56bfc062723c751e8b465ee728b)  -> (artifact id: '98ba40a34fc5c6952910e3547ff5010c') in 0.156446 seconds 
  Import took 0.163169 seconds .

========================================================================
Received Import Request.
  Time since last request: 43.814491 seconds.
  path: Assets/Art/l82617-nerf-dart-tag-gun-12337.jpg
  artifactKey: Guid(b08414b6650c0cd4dabc4151e22c8f96) Importer(815301076,1909f56bfc062723c751e8b465ee728b)
Start importing Assets/Art/l82617-nerf-dart-tag-gun-12337.jpg using Guid(b08414b6650c0cd4dabc4151e22c8f96) Importer(815301076,1909f56bfc062723c751e8b465ee728b)  -> (artifact id: '63f89110df304c8919c8f149f76c1718') in 0.035691 seconds 
  Import took 0.043998 seconds .

========================================================================
Received Import Request.
  Time since last request: 132.590242 seconds.
  path: Assets/Art/Material_Baked.mat
  artifactKey: Guid(968e86c7008eb6440876a1ed081e7aa2) Importer(815301076,1909f56bfc062723c751e8b465ee728b)
Start importing Assets/Art/Material_Baked.mat using Guid(968e86c7008eb6440876a1ed081e7aa2) Importer(815301076,1909f56bfc062723c751e8b465ee728b)  -> (artifact id: 'ec8bba71c0822875b86cd11f74240a06') in 0.018817 seconds 
  Import took 0.026308 seconds .

========================================================================
Received Import Request.
  Time since last request: 27.443712 seconds.
  path: Assets/Art/Preparation Room/Low Poly Guns
  artifactKey: Guid(249dfc112c6eddf479ff40ad81912f50) Importer(815301076,1909f56bfc062723c751e8b465ee728b)
Start importing Assets/Art/Preparation Room/Low Poly Guns using Guid(249dfc112c6eddf479ff40ad81912f50) Importer(815301076,1909f56bfc062723c751e8b465ee728b)  -> (artifact id: 'a589a12c901e0155018d9459291ab51e') in 0.008538 seconds 
  Import took 0.016110 seconds .

========================================================================
Received Import Request.
  Time since last request: 3.273296 seconds.
  path: Assets/Art/Preparation Room/Low Poly Guns/Materials
  artifactKey: Guid(0111d8d74912ed140991cd6134b8300d) Importer(815301076,1909f56bfc062723c751e8b465ee728b)
Start importing Assets/Art/Preparation Room/Low Poly Guns/Materials using Guid(0111d8d74912ed140991cd6134b8300d) Importer(815301076,1909f56bfc062723c751e8b465ee728b)  -> (artifact id: 'ea39f25426e3d175bf6fe1686314e919') in 0.007795 seconds 
  Import took 0.014520 seconds .

========================================================================
Received Import Request.
  Time since last request: 0.053533 seconds.
  path: Assets/Art/Preparation Room/Low Poly Guns/Materials/Plane.mat
  artifactKey: Guid(e96fa539506a82f4097ae5999f559460) Importer(815301076,1909f56bfc062723c751e8b465ee728b)
Start importing Assets/Art/Preparation Room/Low Poly Guns/Materials/Plane.mat using Guid(e96fa539506a82f4097ae5999f559460) Importer(815301076,1909f56bfc062723c751e8b465ee728b)  -> (artifact id: '62198c3fa6dc5b9a8ea6e840523f28c7') in 0.023046 seconds 
  Import took 0.029315 seconds .

========================================================================
Received Import Request.
  Time since last request: 2.187127 seconds.
  path: Assets/Art/Preparation Room/Low Poly Guns/Models
  artifactKey: Guid(bcb561bb3fcd38947adadb609bc8340b) Importer(815301076,1909f56bfc062723c751e8b465ee728b)
Start importing Assets/Art/Preparation Room/Low Poly Guns/Models using Guid(bcb561bb3fcd38947adadb609bc8340b) Importer(815301076,1909f56bfc062723c751e8b465ee728b)  -> (artifact id: '51a5e55f314d7bf24e76115e95e26853') in 0.006769 seconds 
  Import took 0.014032 seconds .

========================================================================
Received Import Request.
  Time since last request: 0.788498 seconds.
  path: Assets/Art/Preparation Room/Low Poly Guns/Models/Guns
  artifactKey: Guid(622949251c23ee64ba0b4df86da88911) Importer(815301076,1909f56bfc062723c751e8b465ee728b)
Start importing Assets/Art/Preparation Room/Low Poly Guns/Models/Guns using Guid(622949251c23ee64ba0b4df86da88911) Importer(815301076,1909f56bfc062723c751e8b465ee728b)  -> (artifact id: '0db0bd3e7eada83d68dc4ed944242466') in 0.007306 seconds 
  Import took 0.014006 seconds .

========================================================================
Received Import Request.
  Time since last request: 0.743030 seconds.
  path: Assets/Art/Preparation Room/Low Poly Guns/Models/Guns/assault2
  artifactKey: Guid(16bc82123c94e4b4c8d845cf2517805a) Importer(815301076,1909f56bfc062723c751e8b465ee728b)
Start importing Assets/Art/Preparation Room/Low Poly Guns/Models/Guns/assault2 using Guid(16bc82123c94e4b4c8d845cf2517805a) Importer(815301076,1909f56bfc062723c751e8b465ee728b)  -> (artifact id: 'f813fc7323dbb0f3fa897753b2df10b1') in 0.006318 seconds 
  Import took 0.013678 seconds .

========================================================================
Received Import Request.
  Time since last request: 0.067703 seconds.
  path: Assets/Art/Preparation Room/Low Poly Guns/Models/Guns/assault2/assault2.fbx
  artifactKey: Guid(6bea03a7115c5d748b18a7573d0d4d2b) Importer(815301076,1909f56bfc062723c751e8b465ee728b)
Start importing Assets/Art/Preparation Room/Low Poly Guns/Models/Guns/assault2/assault2.fbx using Guid(6bea03a7115c5d748b18a7573d0d4d2b) Importer(815301076,1909f56bfc062723c751e8b465ee728b)  -> (artifact id: '2471e7c60528de27376f889f76ac37ee') in 0.026887 seconds 
  Import took 0.033599 seconds .

========================================================================
Received Import Request.
  Time since last request: 0.000320 seconds.
  path: Assets/Art/Preparation Room/Low Poly Guns/Models/Guns/assault2/assault2.mat
  artifactKey: Guid(35a5af17f562eb044a809af0526a562f) Importer(815301076,1909f56bfc062723c751e8b465ee728b)
Start importing Assets/Art/Preparation Room/Low Poly Guns/Models/Guns/assault2/assault2.mat using Guid(35a5af17f562eb044a809af0526a562f) Importer(815301076,1909f56bfc062723c751e8b465ee728b)  -> (artifact id: '3dc54a89ea6a10dbff0e9ad13964e152') in 0.031691 seconds 
  Import took 0.038214 seconds .

========================================================================
Received Import Request.
  Time since last request: 0.000293 seconds.
  path: Assets/Art/Preparation Room/Low Poly Guns/Models/Guns/assault2/assault2_diffuse.png
  artifactKey: Guid(f699987dc2b8fa147bed02b5fb7dd2c2) Importer(815301076,1909f56bfc062723c751e8b465ee728b)
Start importing Assets/Art/Preparation Room/Low Poly Guns/Models/Guns/assault2/assault2_diffuse.png using Guid(f699987dc2b8fa147bed02b5fb7dd2c2) Importer(815301076,1909f56bfc062723c751e8b465ee728b)  -> (artifact id: '1c6e2d13abc0124d8eae7eacbf83e14c') in 0.018311 seconds 
  Import took 0.024891 seconds .

========================================================================
Received Import Request.
  Time since last request: 0.000250 seconds.
  path: Assets/Art/Preparation Room/Low Poly Guns/Models/Guns/assault2/assault2_normal.png
  artifactKey: Guid(f682931156928fc4e960b020752b0c9a) Importer(815301076,1909f56bfc062723c751e8b465ee728b)
Start importing Assets/Art/Preparation Room/Low Poly Guns/Models/Guns/assault2/assault2_normal.png using Guid(f682931156928fc4e960b020752b0c9a) Importer(815301076,1909f56bfc062723c751e8b465ee728b)  -> (artifact id: 'd2e54b666a722b26d55f48955f5d9675') in 0.022498 seconds 
  Import took 0.028367 seconds .

========================================================================
Received Import Request.
  Time since last request: 6.817638 seconds.
  path: Assets/Art/Preparation Room/Low Poly Guns/Models/Guns/pistol1
  artifactKey: Guid(31ccbdda4cd78614889413114a714ec0) Importer(815301076,1909f56bfc062723c751e8b465ee728b)
Start importing Assets/Art/Preparation Room/Low Poly Guns/Models/Guns/pistol1 using Guid(31ccbdda4cd78614889413114a714ec0) Importer(815301076,1909f56bfc062723c751e8b465ee728b)  -> (artifact id: 'ab7b11fb2b7cd4ce451b4862cff6d41b') in 0.007899 seconds 
  Import took 0.015252 seconds .

========================================================================
Received Import Request.
  Time since last request: 0.128214 seconds.
  path: Assets/Art/Preparation Room/Low Poly Guns/Models/Guns/pistol1/pistol1.fbx
  artifactKey: Guid(4df3ce82db8e66645afd54ab1d5b0262) Importer(815301076,1909f56bfc062723c751e8b465ee728b)
Start importing Assets/Art/Preparation Room/Low Poly Guns/Models/Guns/pistol1/pistol1.fbx using Guid(4df3ce82db8e66645afd54ab1d5b0262) Importer(815301076,1909f56bfc062723c751e8b465ee728b)  -> (artifact id: 'f57eef2b8fc08eb47c54cc5465b6cd1b') in 0.032305 seconds 
  Import took 0.038996 seconds .

========================================================================
Received Import Request.
  Time since last request: 0.000311 seconds.
  path: Assets/Art/Preparation Room/Low Poly Guns/Models/Guns/pistol1/pistol1_diffuse.png
  artifactKey: Guid(0d6b1249a62d53f4e8900c84722db1f8) Importer(815301076,1909f56bfc062723c751e8b465ee728b)
Start importing Assets/Art/Preparation Room/Low Poly Guns/Models/Guns/pistol1/pistol1_diffuse.png using Guid(0d6b1249a62d53f4e8900c84722db1f8) Importer(815301076,1909f56bfc062723c751e8b465ee728b)  -> (artifact id: '3e3d6e1928fc2c55a903e2c365892813') in 0.024466 seconds 
  Import took 0.030185 seconds .

========================================================================
Received Import Request.
  Time since last request: 0.000329 seconds.
  path: Assets/Art/Preparation Room/Low Poly Guns/Models/Guns/pistol1/pistol1_normal.png
  artifactKey: Guid(a21b6f6faa594df4fa1cb1794a16a4b3) Importer(815301076,1909f56bfc062723c751e8b465ee728b)
Start importing Assets/Art/Preparation Room/Low Poly Guns/Models/Guns/pistol1/pistol1_normal.png using Guid(a21b6f6faa594df4fa1cb1794a16a4b3) Importer(815301076,1909f56bfc062723c751e8b465ee728b)  -> (artifact id: '0afb917198799caf9133f66e722db081') in 0.025502 seconds 
  Import took 0.031437 seconds .

========================================================================
Received Import Request.
  Time since last request: 0.000333 seconds.
  path: Assets/Art/Preparation Room/Low Poly Guns/Models/Guns/pistol1/pistol1.mat
  artifactKey: Guid(94e64d41f68240c41aabd3ef8e0368e5) Importer(815301076,1909f56bfc062723c751e8b465ee728b)
Start importing Assets/Art/Preparation Room/Low Poly Guns/Models/Guns/pistol1/pistol1.mat using Guid(94e64d41f68240c41aabd3ef8e0368e5) Importer(815301076,1909f56bfc062723c751e8b465ee728b)  -> (artifact id: '3d8155ff117e448ce952cea9841af10e') in 0.032889 seconds 
  Import took 0.038533 seconds .

========================================================================
Received Import Request.
  Time since last request: 59.880480 seconds.
  path: Assets/HGR_Prefab/Shield.prefab
  artifactKey: Guid(755fe53046e7e984aaa0399f41a209b8) Importer(815301076,1909f56bfc062723c751e8b465ee728b)
Start importing Assets/HGR_Prefab/Shield.prefab using Guid(755fe53046e7e984aaa0399f41a209b8) Importer(815301076,1909f56bfc062723c751e8b465ee728b)  -> (artifact id: '1a9e6b33300d885d66d2915ea7d18d8a') in 0.026941 seconds 
  Import took 0.033889 seconds .

========================================================================
Received Import Request.
  Time since last request: 2311.679353 seconds.
  path: Assets/ViveHandTracking/Sample/Material/CursorMat.mat
  artifactKey: Guid(7018c6b8f8ba37a4ca0c2c4a4cfa7b79) Importer(815301076,1909f56bfc062723c751e8b465ee728b)
Start importing Assets/ViveHandTracking/Sample/Material/CursorMat.mat using Guid(7018c6b8f8ba37a4ca0c2c4a4cfa7b79) Importer(815301076,1909f56bfc062723c751e8b465ee728b)  -> (artifact id: '4427f5d17a1fa7af222e0c27ed5811a1') in 0.029998 seconds 
  Import took 0.038602 seconds .

========================================================================
Received Import Request.
  Time since last request: 0.000313 seconds.
  path: Assets/Art/FurnishedCabin/Textures/Rug_Curtains_MAT_MetallicSmoothness.png
  artifactKey: Guid(e2c7c7aaef6b6d94fad6625c3c937d7e) Importer(815301076,1909f56bfc062723c751e8b465ee728b)
Start importing Assets/Art/FurnishedCabin/Textures/Rug_Curtains_MAT_MetallicSmoothness.png using Guid(e2c7c7aaef6b6d94fad6625c3c937d7e) Importer(815301076,1909f56bfc062723c751e8b465ee728b)  -> (artifact id: '3460ba1806381f00ac7964b011dc6f5d') in 0.022115 seconds 
  Import took 0.028883 seconds .

========================================================================
Received Import Request.
  Time since last request: 0.000294 seconds.
  path: Assets/Art/FurnishedCabin/Textures/Rug_Curtains_MAT_AmbientOcclusion.png
  artifactKey: Guid(28ba511aefd39454aab808bc0b64d00c) Importer(815301076,1909f56bfc062723c751e8b465ee728b)
Start importing Assets/Art/FurnishedCabin/Textures/Rug_Curtains_MAT_AmbientOcclusion.png using Guid(28ba511aefd39454aab808bc0b64d00c) Importer(815301076,1909f56bfc062723c751e8b465ee728b)  -> (artifact id: '87babbf54f7cb13b9fdfe2ec7a7d997b') in 0.022256 seconds 
  Import took 0.027956 seconds .

========================================================================
Received Import Request.
  Time since last request: 0.000475 seconds.
  path: Assets/Art/FurnishedCabin/Textures/Rug_Curtains_MAT_Normal.png
  artifactKey: Guid(a1dabb66b0b981a409c197c9e773f7dd) Importer(815301076,1909f56bfc062723c751e8b465ee728b)
Start importing Assets/Art/FurnishedCabin/Textures/Rug_Curtains_MAT_Normal.png using Guid(a1dabb66b0b981a409c197c9e773f7dd) Importer(815301076,1909f56bfc062723c751e8b465ee728b)  -> (artifact id: 'c46e2260c04a92fdb70416a631889e42') in 0.022742 seconds 
  Import took 0.029974 seconds .

========================================================================
Received Import Request.
  Time since last request: 0.000378 seconds.
  path: Assets/Art/Brick Project Studio/SE Basic Assets/Prefabs/Simple Cursor.prefab
  artifactKey: Guid(f29f229ca7700404abfeb5f8c1859d62) Importer(815301076,1909f56bfc062723c751e8b465ee728b)
Start importing Assets/Art/Brick Project Studio/SE Basic Assets/Prefabs/Simple Cursor.prefab using Guid(f29f229ca7700404abfeb5f8c1859d62) Importer(815301076,1909f56bfc062723c751e8b465ee728b)  -> (artifact id: '906075ec801665e0c69674102a277d48') in 0.019796 seconds 
  Import took 0.025609 seconds .

========================================================================
Received Import Request.
  Time since last request: 0.000337 seconds.
  path: Assets/Art/FurnishedCabin/Prefabs/PFB_Curtain.prefab
  artifactKey: Guid(44c88c687c38c154abd2696cc1930191) Importer(815301076,1909f56bfc062723c751e8b465ee728b)
Start importing Assets/Art/FurnishedCabin/Prefabs/PFB_Curtain.prefab using Guid(44c88c687c38c154abd2696cc1930191) Importer(815301076,1909f56bfc062723c751e8b465ee728b)  -> (artifact id: '42909c97c01fc3fc6134f3ec1a60bd07') in 0.075884 seconds 
  Import took 0.082523 seconds .

========================================================================
Received Import Request.
  Time since last request: 0.000275 seconds.
  path: Assets/Art/FurnishedCabin/Prefabs/PFB_CurtainSmall.prefab
  artifactKey: Guid(3756df4f16ccd9f42bec486ecb3219ff) Importer(815301076,1909f56bfc062723c751e8b465ee728b)
Start importing Assets/Art/FurnishedCabin/Prefabs/PFB_CurtainSmall.prefab using Guid(3756df4f16ccd9f42bec486ecb3219ff) Importer(815301076,1909f56bfc062723c751e8b465ee728b)  -> (artifact id: '78b0a1de13c26b7a9b14e61f1c677f34') in 0.065743 seconds 
  Import took 0.073180 seconds .

========================================================================
Received Import Request.
  Time since last request: 0.000279 seconds.
  path: Assets/Art/FurnishedCabin/Meshes/Curtain.fbx
  artifactKey: Guid(2b9feae22f933444ea115e64ae65fe7c) Importer(815301076,1909f56bfc062723c751e8b465ee728b)
Start importing Assets/Art/FurnishedCabin/Meshes/Curtain.fbx using Guid(2b9feae22f933444ea115e64ae65fe7c) Importer(815301076,1909f56bfc062723c751e8b465ee728b)  -> (artifact id: 'babf7eb3468fe1958a5010cf60b2d477') in 0.040197 seconds 
  Import took 0.047251 seconds .

========================================================================
Received Import Request.
  Time since last request: 0.000276 seconds.
  path: Assets/Art/FurnishedCabin/Meshes/Collision/Curtain_COL.fbx
  artifactKey: Guid(8bfe925b42ad449a28d7fc0ae852eda8) Importer(815301076,1909f56bfc062723c751e8b465ee728b)
Start importing Assets/Art/FurnishedCabin/Meshes/Collision/Curtain_COL.fbx using Guid(8bfe925b42ad449a28d7fc0ae852eda8) Importer(815301076,1909f56bfc062723c751e8b465ee728b)  -> (artifact id: '8c6252c3a66ca7b8d1cacd205d51181e') in 0.044116 seconds 
  Import took 0.050320 seconds .

========================================================================
Received Import Request.
  Time since last request: 0.000236 seconds.
  path: Assets/Art/FurnishedCabin/Meshes/Collision/CurtainSmall_COL.fbx
  artifactKey: Guid(b906ed5111f9c47ba80d9346cac7401f) Importer(815301076,1909f56bfc062723c751e8b465ee728b)
Start importing Assets/Art/FurnishedCabin/Meshes/Collision/CurtainSmall_COL.fbx using Guid(b906ed5111f9c47ba80d9346cac7401f) Importer(815301076,1909f56bfc062723c751e8b465ee728b)  -> (artifact id: 'fa84f85d826b467ad7fc65dd35135a71') in 0.049053 seconds 
  Import took 0.055887 seconds .

========================================================================
Received Import Request.
  Time since last request: 0.000299 seconds.
  path: Assets/Art/FurnishedCabin/Textures/Rug_Curtains_MAT_AlbedoTransparency.png
  artifactKey: Guid(9e8bdb50df85d05429c3cdee0cb0c25d) Importer(815301076,1909f56bfc062723c751e8b465ee728b)
Start importing Assets/Art/FurnishedCabin/Textures/Rug_Curtains_MAT_AlbedoTransparency.png using Guid(9e8bdb50df85d05429c3cdee0cb0c25d) Importer(815301076,1909f56bfc062723c751e8b465ee728b)  -> (artifact id: '0e93c1f998abf817ca481530e1b1e46a') in 0.019023 seconds 
  Import took 0.025082 seconds .

========================================================================
Received Import Request.
  Time since last request: 0.000332 seconds.
  path: Assets/Art/FurnishedCabin/Meshes/CurtainSmall.fbx
  artifactKey: Guid(43d79aaf9fe2b4ccaa12db9228294f34) Importer(815301076,1909f56bfc062723c751e8b465ee728b)
Start importing Assets/Art/FurnishedCabin/Meshes/CurtainSmall.fbx using Guid(43d79aaf9fe2b4ccaa12db9228294f34) Importer(815301076,1909f56bfc062723c751e8b465ee728b)  -> (artifact id: '99f8c16d577cf1db6565a087c587a093') in 0.032819 seconds 
  Import took 0.039468 seconds .

========================================================================
Received Import Request.
  Time since last request: 0.000331 seconds.
  path: Assets/Art/FurnishedCabin/Meshes/Materials/Rug_Curtains_MAT.mat
  artifactKey: Guid(70e2b7f0f28b4254d8a72d522585d74a) Importer(815301076,1909f56bfc062723c751e8b465ee728b)
Start importing Assets/Art/FurnishedCabin/Meshes/Materials/Rug_Curtains_MAT.mat using Guid(70e2b7f0f28b4254d8a72d522585d74a) Importer(815301076,1909f56bfc062723c751e8b465ee728b)  -> (artifact id: 'aaade4e68202eed141b726d9b270ed6d') in 0.030186 seconds 
  Import took 0.037125 seconds .

========================================================================
Received Import Request.
  Time since last request: 257.005924 seconds.
  path: Assets/Art/Curtain.fbx
  artifactKey: Guid(4298e1b98885541498ea4bca8631c6c0) Importer(815301076,1909f56bfc062723c751e8b465ee728b)
Start importing Assets/Art/Curtain.fbx using Guid(4298e1b98885541498ea4bca8631c6c0) Importer(815301076,1909f56bfc062723c751e8b465ee728b)  -> (artifact id: '5cb9293e8dd24ad0a3dca58414d68e5e') in 0.045213 seconds 
  Import took 0.053321 seconds .

========================================================================
Received Import Request.
  Time since last request: 88.768638 seconds.
  path: Assets/Art/CurtainMaterial.mat
  artifactKey: Guid(958a09c204c59a648aba6e43184003f5) Importer(815301076,1909f56bfc062723c751e8b465ee728b)
Start importing Assets/Art/CurtainMaterial.mat using Guid(958a09c204c59a648aba6e43184003f5) Importer(815301076,1909f56bfc062723c751e8b465ee728b)  -> (artifact id: '1e7e6bf4cf91ecc33eda5d3ad5c2ca23') in 0.015904 seconds 
  Import took 0.025511 seconds .

========================================================================
Received Import Request.
  Time since last request: 143.231257 seconds.
  path: Assets/Art/CurtainMaterial.mat
  artifactKey: Guid(958a09c204c59a648aba6e43184003f5) Importer(815301076,1909f56bfc062723c751e8b465ee728b)
Start importing Assets/Art/CurtainMaterial.mat using Guid(958a09c204c59a648aba6e43184003f5) Importer(815301076,1909f56bfc062723c751e8b465ee728b)  -> (artifact id: '98fd9f6dc65da8d9e009bfb4c22ccc42') in 0.017733 seconds 
  Import took 0.027198 seconds .

========================================================================
Received Import Request.
  Time since last request: 46.551890 seconds.
  path: Assets/Art/Curtain
  artifactKey: Guid(86c5228cc3726fc4bba4d8a201f30f80) Importer(815301076,1909f56bfc062723c751e8b465ee728b)
Start importing Assets/Art/Curtain using Guid(86c5228cc3726fc4bba4d8a201f30f80) Importer(815301076,1909f56bfc062723c751e8b465ee728b)  -> (artifact id: '84ef1e9dc1520925c5e8c67180bb4387') in 0.002882 seconds 
  Import took 0.010534 seconds .

========================================================================
Received Import Request.
  Time since last request: 18.512951 seconds.
  path: Assets/Animation/Preparation/Walking.anim
  artifactKey: Guid(92696499e7dce25488de1e462fc7f11d) Importer(815301076,1909f56bfc062723c751e8b465ee728b)
Start importing Assets/Animation/Preparation/Walking.anim using Guid(92696499e7dce25488de1e462fc7f11d) Importer(815301076,1909f56bfc062723c751e8b465ee728b)  -> (artifact id: '21df72aacee6b5e31c91d0efe0d9eb56') in 0.036334 seconds 
  Import took 0.043605 seconds .

